C51 COMPILER V9.54   UART                                                                  01/16/2024 23:02:34 PAGE 1   


C51 COMPILER V9.54, COMPILATION OF MODULE UART
OBJECT MODULE PLACED IN .\Objects\uart.obj
COMPILER INVOKED BY: C:\Program Files (x86)\Keil_v5\C51\BIN\C51.EXE uart.c OPTIMIZE(8,SPEED) BROWSE DEBUG OBJECTEXTEND P
                    -RINT(.\Listings\uart.lst) TABS(2) OBJECT(.\Objects\uart.obj)

line level    source

   1          #ifndef _UART_C_
   2          #define  _UART_C_
   3          
   4          #include "reg52.h"
   5          
   6          #define uchar unsigned char
   7          #define uint unsigned int
   8          
   9          
  10          void Uart_init()
  11          {
  12   1        
  13   1        TMOD= 0X21;   //T1  方式2  ，8位   自动重装   
  14   1        TH1=0Xfd;
  15   1        TL1=0Xfd;     //9600
  16   1        TH0=0x4b;
  17   1        TL0=0xff;
  18   1        TR0=0;
  19   1        ET0=1;
  20   1        TR1=1;        // 定时器1启动  
  21   1      
  22   1      
  23   1        SM0=0;      // 设置串口的工作模式
  24   1        SM1=1;      //方式1
  25   1      
  26   1      
  27   1        REN=1;     // 允许串口接收数据   
  28   1      
  29   1      
  30   1        ES=1;        // 串口中断应许 
  31   1        EA=1;    // 开启中断 
  32   1        
  33   1      }
  34          
  35          
  36          
  37          #endif
  38                                         
  39          
  40          
  41          


MODULE INFORMATION:   STATIC OVERLAYABLE
   CODE SIZE        =     32    ----
   CONSTANT SIZE    =   ----    ----
   XDATA SIZE       =   ----    ----
   PDATA SIZE       =   ----    ----
   DATA SIZE        =   ----    ----
   IDATA SIZE       =   ----    ----
   BIT SIZE         =   ----    ----
END OF MODULE INFORMATION.


C51 COMPILATION COMPLETE.  0 WARNING(S),  0 ERROR(S)
